<?xml version="1.0" encoding="UTF-8"?>
<testsuite name="jp.kusumotolab.kgenprog.KGenProgMainTest" tests="1" skipped="0" failures="0" errors="0" timestamp="2021-05-10T11:54:17" hostname="0c4f9c7303ce" time="33.18">
  <properties/>
  <testcase name="testCloseToZero03" classname="jp.kusumotolab.kgenprog.KGenProgMainTest" time="33.18"/>
  <system-out><![CDATA[2021-05-10 11:54:19 [Time-limited test] [INFO]  KGenProgMain - 
==================== kGenProg Configuration ====================
configPath = kgenprog.toml
rootDir = example/CloseToZero03
productPaths = [example/CloseToZero03/src/example/CloseToZero.java]
testPaths = [example/CloseToZero03/src/example/CloseToZeroTest.java]
classPaths = []
executionTests = []
outDir = kgenprog-out
logLevel = INFO
mutationGeneratingCount = 10
crossoverGeneratingCount = 10
headcount = 10
maxGeneration = 100
timeLimit = PT10M
testTimeLimit = PT1S
requiredSolutionsCount = 1
randomSeed = 0
scope = PACKAGE
faultLocalization = Ochiai
mutationType = Simple
crossoverType = Random
firstVariantSelectionStrategy = Random
secondVariantSelectionStrategy = Random
isPatchOutput = false
isHistoryRecord = false
currentDirectory = /root/kGenProg
version = 1.8.2+
================================================================
2021-05-10 11:54:22 [Time-limited test] [INFO]  KGenProgMain - initial failed tests (1/4)
example.CloseToZeroTest.test03: expected:<0> but was:<1>

2021-05-10 11:54:22 [Time-limited test] [INFO]  KGenProgMain - GA started
2021-05-10 11:54:22 [Time-limited test] [INFO]  KGenProgMain - entered the era of 1st generation.
2021-05-10 11:54:23 [Time-limited test] [INFO]  KGenProgMain - 
----------------------------------------------------------------
Elapsed time: 0 seconds
Variants: generated 10, build-succeeded 5, build-failed 3, syntax-invalid 0, redundant 2
Fitness: max 0.75(3), min 0.25(1), ave 0.6
Test execution time: sum 177 ms, max 76 ms, min 8 ms
----------------------------------------------------------------

2021-05-10 11:54:23 [Time-limited test] [INFO]  KGenProgMain - entered the era of 2nd generation.
2021-05-10 11:54:23 [Time-limited test] [INFO]  KGenProgMain - 
----------------------------------------------------------------
Elapsed time: 1 seconds
Variants: generated 10, build-succeeded 2, build-failed 3, syntax-invalid 2, redundant 3
Fitness: max 0.75(2), min 0.75(2), ave 0.75
Test execution time: sum 78 ms, max 71 ms, min 7 ms
----------------------------------------------------------------

2021-05-10 11:54:23 [Time-limited test] [INFO]  KGenProgMain - entered the era of 3rd generation.
2021-05-10 11:54:23 [Time-limited test] [INFO]  KGenProgMain - 
----------------------------------------------------------------
Elapsed time: 1 seconds
Variants: generated 10, build-succeeded 1, build-failed 5, syntax-invalid 0, redundant 4
Fitness: max 0(1), min 0(1), ave 0
Test execution time: sum 7 ms, max 7 ms, min 7 ms
----------------------------------------------------------------

2021-05-10 11:54:23 [Time-limited test] [INFO]  KGenProgMain - entered the era of 4th generation.
2021-05-10 11:54:24 [Time-limited test] [INFO]  KGenProgMain - 
----------------------------------------------------------------
Elapsed time: 1 seconds
Variants: generated 20, build-succeeded 1, build-failed 1, syntax-invalid 9, redundant 9
Fitness: max 0.25(1), min 0.25(1), ave 0.25
Test execution time: sum 7 ms, max 7 ms, min 7 ms
----------------------------------------------------------------

2021-05-10 11:54:24 [Time-limited test] [INFO]  KGenProgMain - entered the era of 5th generation.
2021-05-10 11:54:24 [Time-limited test] [INFO]  KGenProgMain - 
----------------------------------------------------------------
Elapsed time: 2 seconds
Variants: generated 20, build-succeeded 4, build-failed 3, syntax-invalid 2, redundant 11
Fitness: max 0.75(2), min 0(1), ave 0.438
Test execution time: sum 80 ms, max 63 ms, min 5 ms
----------------------------------------------------------------

2021-05-10 11:54:24 [Time-limited test] [INFO]  KGenProgMain - entered the era of 6th generation.
2021-05-10 11:54:24 [Time-limited test] [INFO]  KGenProgMain - 
----------------------------------------------------------------
Elapsed time: 2 seconds
Variants: generated 20, build-succeeded 4, build-failed 4, syntax-invalid 3, redundant 9
Fitness: max 0.75(3), min 0.25(1), ave 0.625
Test execution time: sum 89 ms, max 74 ms, min 5 ms
----------------------------------------------------------------

2021-05-10 11:54:24 [Time-limited test] [INFO]  KGenProgMain - entered the era of 7th generation.
2021-05-10 11:54:25 [Time-limited test] [INFO]  KGenProgMain - 
----------------------------------------------------------------
Elapsed time: 3 seconds
Variants: generated 20, build-succeeded 4, build-failed 3, syntax-invalid 6, redundant 7
Fitness: max 0.75(2), min 0(1), ave 0.5
Test execution time: sum 95 ms, max 79 ms, min 5 ms
----------------------------------------------------------------

2021-05-10 11:54:25 [Time-limited test] [INFO]  KGenProgMain - entered the era of 8th generation.
2021-05-10 11:54:25 [Time-limited test] [INFO]  KGenProgMain - 
----------------------------------------------------------------
Elapsed time: 3 seconds
Variants: generated 20, build-succeeded 2, build-failed 6, syntax-invalid 5, redundant 7
Fitness: max 0.5(1), min 0(1), ave 0.25
Test execution time: sum 77 ms, max 72 ms, min 5 ms
----------------------------------------------------------------

2021-05-10 11:54:25 [Time-limited test] [INFO]  KGenProgMain - entered the era of 9th generation.
2021-05-10 11:54:26 [Time-limited test] [INFO]  KGenProgMain - 
----------------------------------------------------------------
Elapsed time: 3 seconds
Variants: generated 20, build-succeeded 3, build-failed 2, syntax-invalid 10, redundant 5
Fitness: max 0.75(1), min 0(1), ave 0.417
Test execution time: sum 13 ms, max 5 ms, min 4 ms
----------------------------------------------------------------

2021-05-10 11:54:26 [Time-limited test] [INFO]  KGenProgMain - entered the era of 10th generation.
2021-05-10 11:54:26 [Time-limited test] [INFO]  KGenProgMain - 
----------------------------------------------------------------
Elapsed time: 3 seconds
Variants: generated 20, build-succeeded 2, build-failed 4, syntax-invalid 8, redundant 6
Fitness: max 0.75(1), min 0.25(1), ave 0.5
Test execution time: sum 8 ms, max 4 ms, min 4 ms
----------------------------------------------------------------

2021-05-10 11:54:26 [Time-limited test] [INFO]  KGenProgMain - entered the era of 11th generation.
2021-05-10 11:54:26 [Time-limited test] [INFO]  KGenProgMain - 
----------------------------------------------------------------
Elapsed time: 4 seconds
Variants: generated 20, build-succeeded 5, build-failed 3, syntax-invalid 5, redundant 7
Fitness: max 0.75(4), min 0.5(1), ave 0.7
Test execution time: sum 82 ms, max 66 ms, min 3 ms
----------------------------------------------------------------

2021-05-10 11:54:26 [Time-limited test] [INFO]  KGenProgMain - entered the era of 12th generation.
2021-05-10 11:54:26 [Time-limited test] [INFO]  KGenProgMain - 
----------------------------------------------------------------
Elapsed time: 4 seconds
Variants: generated 20, build-succeeded 4, build-failed 0, syntax-invalid 8, redundant 8
Fitness: max 0.75(1), min 0.25(1), ave 0.5
Test execution time: sum 16 ms, max 5 ms, min 3 ms
----------------------------------------------------------------

2021-05-10 11:54:26 [Time-limited test] [INFO]  KGenProgMain - entered the era of 13th generation.
2021-05-10 11:54:27 [Time-limited test] [INFO]  KGenProgMain - 
----------------------------------------------------------------
Elapsed time: 4 seconds
Variants: generated 20, build-succeeded 4, build-failed 4, syntax-invalid 8, redundant 4
Fitness: max 0.75(3), min 0.25(1), ave 0.625
Test execution time: sum 137 ms, max 70 ms, min 3 ms
----------------------------------------------------------------

2021-05-10 11:54:27 [Time-limited test] [INFO]  KGenProgMain - entered the era of 14th generation.
2021-05-10 11:54:27 [Time-limited test] [INFO]  KGenProgMain - 
----------------------------------------------------------------
Elapsed time: 5 seconds
Variants: generated 20, build-succeeded 5, build-failed 4, syntax-invalid 9, redundant 2
Fitness: max 0.75(3), min 0(2), ave 0.45
Test execution time: sum 16 ms, max 4 ms, min 3 ms
----------------------------------------------------------------

2021-05-10 11:54:27 [Time-limited test] [INFO]  KGenProgMain - entered the era of 15th generation.
2021-05-10 11:54:27 [Time-limited test] [INFO]  KGenProgMain - 
----------------------------------------------------------------
Elapsed time: 5 seconds
Variants: generated 20, build-succeeded 3, build-failed 4, syntax-invalid 7, redundant 6
Fitness: max 0.75(1), min 0.5(2), ave 0.583
Test execution time: sum 68 ms, max 62 ms, min 3 ms
----------------------------------------------------------------

2021-05-10 11:54:27 [Time-limited test] [INFO]  KGenProgMain - entered the era of 16th generation.
2021-05-10 11:54:27 [Time-limited test] [INFO]  KGenProgMain - 
----------------------------------------------------------------
Elapsed time: 5 seconds
Variants: generated 20, build-succeeded 3, build-failed 3, syntax-invalid 9, redundant 5
Fitness: max 0.75(3), min 0.75(3), ave 0.75
Test execution time: sum 9 ms, max 3 ms, min 3 ms
----------------------------------------------------------------

2021-05-10 11:54:27 [Time-limited test] [INFO]  KGenProgMain - entered the era of 17th generation.
2021-05-10 11:54:28 [Time-limited test] [INFO]  KGenProgMain - 
----------------------------------------------------------------
Elapsed time: 5 seconds
Variants: generated 20, build-succeeded 2, build-failed 3, syntax-invalid 8, redundant 7
Fitness: max 0.75(1), min 0.5(1), ave 0.625
Test execution time: sum 63 ms, max 60 ms, min 3 ms
----------------------------------------------------------------

2021-05-10 11:54:28 [Time-limited test] [INFO]  KGenProgMain - entered the era of 18th generation.
2021-05-10 11:54:28 [Time-limited test] [INFO]  KGenProgMain - 
----------------------------------------------------------------
Elapsed time: 5 seconds
Variants: generated 20, build-succeeded 4, build-failed 1, syntax-invalid 6, redundant 9
Fitness: max 0.75(2), min 0.25(1), ave 0.562
Test execution time: sum 79 ms, max 65 ms, min 3 ms
----------------------------------------------------------------

2021-05-10 11:54:28 [Time-limited test] [INFO]  KGenProgMain - entered the era of 19th generation.
2021-05-10 11:54:28 [Time-limited test] [INFO]  KGenProgMain - 
----------------------------------------------------------------
Elapsed time: 6 seconds
Variants: generated 20, build-succeeded 1, build-failed 2, syntax-invalid 9, redundant 8
Fitness: max 0.75(1), min 0.75(1), ave 0.75
Test execution time: sum 3 ms, max 3 ms, min 3 ms
----------------------------------------------------------------

2021-05-10 11:54:28 [Time-limited test] [INFO]  KGenProgMain - entered the era of 20th generation.
2021-05-10 11:54:28 [Time-limited test] [INFO]  KGenProgMain - 
----------------------------------------------------------------
Elapsed time: 6 seconds
Variants: generated 20, build-succeeded 1, build-failed 3, syntax-invalid 8, redundant 8
Fitness: max 0.75(1), min 0.75(1), ave 0.75
Test execution time: sum 3 ms, max 3 ms, min 3 ms
----------------------------------------------------------------

2021-05-10 11:54:28 [Time-limited test] [INFO]  KGenProgMain - entered the era of 21st generation.
2021-05-10 11:54:28 [Time-limited test] [INFO]  KGenProgMain - 
----------------------------------------------------------------
Elapsed time: 6 seconds
Variants: generated 20, build-succeeded 3, build-failed 2, syntax-invalid 10, redundant 5
Fitness: max 0.75(3), min 0.75(3), ave 0.75
Test execution time: sum 8 ms, max 3 ms, min 2 ms
----------------------------------------------------------------

2021-05-10 11:54:28 [Time-limited test] [INFO]  KGenProgMain - entered the era of 22nd generation.
2021-05-10 11:54:28 [Time-limited test] [INFO]  KGenProgMain - 
----------------------------------------------------------------
Elapsed time: 6 seconds
Variants: generated 20, build-succeeded 2, build-failed 5, syntax-invalid 7, redundant 6
Fitness: max 0.75(1), min 0.5(1), ave 0.625
Test execution time: sum 11 ms, max 9 ms, min 2 ms
----------------------------------------------------------------

2021-05-10 11:54:28 [Time-limited test] [INFO]  KGenProgMain - entered the era of 23rd generation.
2021-05-10 11:54:29 [Time-limited test] [INFO]  KGenProgMain - 
----------------------------------------------------------------
Elapsed time: 6 seconds
Variants: generated 20, build-succeeded 4, build-failed 4, syntax-invalid 7, redundant 5
Fitness: max 0.75(3), min 0.5(1), ave 0.688
Test execution time: sum 69 ms, max 60 ms, min 3 ms
----------------------------------------------------------------

2021-05-10 11:54:29 [Time-limited test] [INFO]  KGenProgMain - entered the era of 24th generation.
2021-05-10 11:54:29 [Time-limited test] [INFO]  KGenProgMain - 
----------------------------------------------------------------
Elapsed time: 7 seconds
Variants: generated 20, build-succeeded 5, build-failed 2, syntax-invalid 9, redundant 4
Fitness: max 0.75(3), min 0.5(2), ave 0.65
Test execution time: sum 13 ms, max 3 ms, min 2 ms
----------------------------------------------------------------

2021-05-10 11:54:29 [Time-limited test] [INFO]  KGenProgMain - entered the era of 25th generation.
2021-05-10 11:54:29 [Time-limited test] [INFO]  KGenProgMain - 
----------------------------------------------------------------
Elapsed time: 7 seconds
Variants: generated 20, build-succeeded 1, build-failed 4, syntax-invalid 9, redundant 6
Fitness: max 0.5(1), min 0.5(1), ave 0.5
Test execution time: sum 8 ms, max 8 ms, min 8 ms
----------------------------------------------------------------

2021-05-10 11:54:29 [Time-limited test] [INFO]  KGenProgMain - entered the era of 26th generation.
2021-05-10 11:54:29 [Time-limited test] [INFO]  KGenProgMain - 
----------------------------------------------------------------
Elapsed time: 7 seconds
Variants: generated 20, build-succeeded 3, build-failed 2, syntax-invalid 10, redundant 5
Fitness: max 0.75(2), min 0.5(1), ave 0.667
Test execution time: sum 8 ms, max 3 ms, min 2 ms
----------------------------------------------------------------

2021-05-10 11:54:29 [Time-limited test] [INFO]  KGenProgMain - entered the era of 27th generation.
2021-05-10 11:54:29 [Time-limited test] [INFO]  KGenProgMain - 
----------------------------------------------------------------
Elapsed time: 7 seconds
Variants: generated 20, build-succeeded 3, build-failed 3, syntax-invalid 8, redundant 6
Fitness: max 0.75(2), min 0(1), ave 0.5
Test execution time: sum 7 ms, max 3 ms, min 2 ms
----------------------------------------------------------------

2021-05-10 11:54:29 [Time-limited test] [INFO]  KGenProgMain - entered the era of 28th generation.
2021-05-10 11:54:30 [Time-limited test] [INFO]  KGenProgMain - 
----------------------------------------------------------------
Elapsed time: 7 seconds
Variants: generated 20, build-succeeded 3, build-failed 1, syntax-invalid 9, redundant 7
Fitness: max 0.75(2), min 0.5(1), ave 0.667
Test execution time: sum 68 ms, max 62 ms, min 3 ms
----------------------------------------------------------------

2021-05-10 11:54:30 [Time-limited test] [INFO]  KGenProgMain - entered the era of 29th generation.
2021-05-10 11:54:30 [Time-limited test] [INFO]  KGenProgMain - 
----------------------------------------------------------------
Elapsed time: 7 seconds
Variants: generated 20, build-succeeded 2, build-failed 4, syntax-invalid 10, redundant 4
Fitness: max 0.75(2), min 0.75(2), ave 0.75
Test execution time: sum 74 ms, max 71 ms, min 3 ms
----------------------------------------------------------------

2021-05-10 11:54:30 [Time-limited test] [INFO]  KGenProgMain - entered the era of 30th generation.
2021-05-10 11:54:30 [Time-limited test] [INFO]  KGenProgMain - 
----------------------------------------------------------------
Elapsed time: 8 seconds
Variants: generated 20, build-succeeded 3, build-failed 3, syntax-invalid 10, redundant 4
Fitness: max 0.75(3), min 0.75(3), ave 0.75
Test execution time: sum 7 ms, max 3 ms, min 2 ms
----------------------------------------------------------------

2021-05-10 11:54:30 [Time-limited test] [INFO]  KGenProgMain - entered the era of 31st generation.
2021-05-10 11:54:30 [Time-limited test] [INFO]  KGenProgMain - 
----------------------------------------------------------------
Elapsed time: 8 seconds
Variants: generated 20, build-succeeded 1, build-failed 6, syntax-invalid 10, redundant 3
Fitness: max 0.5(1), min 0.5(1), ave 0.5
Test execution time: sum 59 ms, max 59 ms, min 59 ms
----------------------------------------------------------------

2021-05-10 11:54:30 [Time-limited test] [INFO]  KGenProgMain - entered the era of 32nd generation.
2021-05-10 11:54:30 [Time-limited test] [INFO]  KGenProgMain - 
----------------------------------------------------------------
Elapsed time: 8 seconds
Variants: generated 20, build-succeeded 2, build-failed 5, syntax-invalid 10, redundant 3
Fitness: max 0.75(1), min 0(1), ave 0.375
Test execution time: sum 5 ms, max 3 ms, min 2 ms
----------------------------------------------------------------

2021-05-10 11:54:30 [Time-limited test] [INFO]  KGenProgMain - entered the era of 33rd generation.
2021-05-10 11:54:31 [Time-limited test] [INFO]  KGenProgMain - 
----------------------------------------------------------------
Elapsed time: 8 seconds
Variants: generated 20, build-succeeded 1, build-failed 4, syntax-invalid 10, redundant 5
Fitness: max 0.75(1), min 0.75(1), ave 0.75
Test execution time: sum 3 ms, max 3 ms, min 3 ms
----------------------------------------------------------------

2021-05-10 11:54:31 [Time-limited test] [INFO]  KGenProgMain - entered the era of 34th generation.
2021-05-10 11:54:31 [Time-limited test] [INFO]  KGenProgMain - 
----------------------------------------------------------------
Elapsed time: 9 seconds
Variants: generated 20, build-succeeded 3, build-failed 4, syntax-invalid 10, redundant 3
Fitness: max 0.75(2), min 0(1), ave 0.5
Test execution time: sum 8 ms, max 3 ms, min 2 ms
----------------------------------------------------------------

2021-05-10 11:54:31 [Time-limited test] [INFO]  KGenProgMain - entered the era of 35th generation.
2021-05-10 11:54:31 [Time-limited test] [INFO]  KGenProgMain - 
----------------------------------------------------------------
Elapsed time: 9 seconds
Variants: generated 20, build-succeeded 3, build-failed 2, syntax-invalid 10, redundant 5
Fitness: max 0.75(1), min 0.5(2), ave 0.583
Test execution time: sum 56 ms, max 50 ms, min 3 ms
----------------------------------------------------------------

2021-05-10 11:54:31 [Time-limited test] [INFO]  KGenProgMain - entered the era of 36th generation.
2021-05-10 11:54:31 [Time-limited test] [INFO]  KGenProgMain - 
----------------------------------------------------------------
Elapsed time: 9 seconds
Variants: generated 20, build-succeeded 1, build-failed 5, syntax-invalid 11, redundant 3
Fitness: max 0.75(1), min 0.75(1), ave 0.75
Test execution time: sum 3 ms, max 3 ms, min 3 ms
----------------------------------------------------------------

2021-05-10 11:54:31 [Time-limited test] [INFO]  KGenProgMain - entered the era of 37th generation.
2021-05-10 11:54:31 [Time-limited test] [INFO]  KGenProgMain - 
----------------------------------------------------------------
Elapsed time: 9 seconds
Variants: generated 20, build-succeeded 1, build-failed 6, syntax-invalid 10, redundant 3
Fitness: max 0.75(1), min 0.75(1), ave 0.75
Test execution time: sum 2 ms, max 2 ms, min 2 ms
----------------------------------------------------------------

2021-05-10 11:54:31 [Time-limited test] [INFO]  KGenProgMain - entered the era of 38th generation.
2021-05-10 11:54:32 [Time-limited test] [INFO]  KGenProgMain - 
----------------------------------------------------------------
Elapsed time: 9 seconds
Variants: generated 20, build-succeeded 4, build-failed 3, syntax-invalid 10, redundant 3
Fitness: max 0.75(2), min 0.5(2), ave 0.625
Test execution time: sum 9 ms, max 3 ms, min 2 ms
----------------------------------------------------------------

2021-05-10 11:54:32 [Time-limited test] [INFO]  KGenProgMain - entered the era of 39th generation.
2021-05-10 11:54:32 [Time-limited test] [INFO]  KGenProgMain - 
----------------------------------------------------------------
Elapsed time: 9 seconds
Variants: generated 20, build-succeeded 3, build-failed 3, syntax-invalid 10, redundant 4
Fitness: max 0.75(2), min 0(1), ave 0.5
Test execution time: sum 8 ms, max 3 ms, min 2 ms
----------------------------------------------------------------

2021-05-10 11:54:32 [Time-limited test] [INFO]  KGenProgMain - entered the era of 40th generation.
2021-05-10 11:54:32 [Time-limited test] [INFO]  KGenProgMain - 
----------------------------------------------------------------
Elapsed time: 10 seconds
Variants: generated 20, build-succeeded 2, build-failed 3, syntax-invalid 9, redundant 6
Fitness: max 0.75(1), min 0.5(1), ave 0.625
Test execution time: sum 12 ms, max 10 ms, min 2 ms
----------------------------------------------------------------

2021-05-10 11:54:32 [Time-limited test] [INFO]  KGenProgMain - entered the era of 41st generation.
2021-05-10 11:54:32 [Time-limited test] [INFO]  KGenProgMain - 
----------------------------------------------------------------
Elapsed time: 10 seconds
Variants: generated 20, build-succeeded 2, build-failed 4, syntax-invalid 10, redundant 4
Fitness: max 0.75(2), min 0.75(2), ave 0.75
Test execution time: sum 53 ms, max 51 ms, min 2 ms
----------------------------------------------------------------

2021-05-10 11:54:32 [Time-limited test] [INFO]  KGenProgMain - entered the era of 42nd generation.
2021-05-10 11:54:33 [Time-limited test] [INFO]  KGenProgMain - 
----------------------------------------------------------------
Elapsed time: 10 seconds
Variants: generated 20, build-succeeded 1, build-failed 3, syntax-invalid 11, redundant 5
Fitness: max 0.75(1), min 0.75(1), ave 0.75
Test execution time: sum 2 ms, max 2 ms, min 2 ms
----------------------------------------------------------------

2021-05-10 11:54:33 [Time-limited test] [INFO]  KGenProgMain - entered the era of 43rd generation.
2021-05-10 11:54:33 [Time-limited test] [INFO]  KGenProgMain - 
----------------------------------------------------------------
Elapsed time: 10 seconds
Variants: generated 20, build-succeeded 3, build-failed 4, syntax-invalid 10, redundant 3
Fitness: max 0.75(2), min 0.5(1), ave 0.667
Test execution time: sum 77 ms, max 66 ms, min 2 ms
----------------------------------------------------------------

2021-05-10 11:54:33 [Time-limited test] [INFO]  KGenProgMain - entered the era of 44th generation.
2021-05-10 11:54:33 [Time-limited test] [INFO]  KGenProgMain - 
----------------------------------------------------------------
Elapsed time: 11 seconds
Variants: generated 20, build-succeeded 2, build-failed 5, syntax-invalid 10, redundant 3
Fitness: max 0.75(1), min 0.5(1), ave 0.625
Test execution time: sum 64 ms, max 62 ms, min 2 ms
----------------------------------------------------------------

2021-05-10 11:54:33 [Time-limited test] [INFO]  KGenProgMain - entered the era of 45th generation.
2021-05-10 11:54:33 [Time-limited test] [INFO]  KGenProgMain - 
----------------------------------------------------------------
Elapsed time: 11 seconds
Variants: generated 20, build-succeeded 3, build-failed 4, syntax-invalid 11, redundant 2
Fitness: max 0.75(3), min 0.75(3), ave 0.75
Test execution time: sum 60 ms, max 55 ms, min 2 ms
----------------------------------------------------------------

2021-05-10 11:54:33 [Time-limited test] [INFO]  KGenProgMain - entered the era of 46th generation.
2021-05-10 11:54:34 [Time-limited test] [INFO]  KGenProgMain - 
----------------------------------------------------------------
Elapsed time: 11 seconds
Variants: generated 20, build-succeeded 3, build-failed 4, syntax-invalid 10, redundant 3
Fitness: max 0.75(3), min 0.75(3), ave 0.75
Test execution time: sum 8 ms, max 3 ms, min 2 ms
----------------------------------------------------------------

2021-05-10 11:54:34 [Time-limited test] [INFO]  KGenProgMain - entered the era of 47th generation.
2021-05-10 11:54:34 [Time-limited test] [INFO]  KGenProgMain - 
----------------------------------------------------------------
Elapsed time: 12 seconds
Variants: generated 20, build-succeeded 5, build-failed 3, syntax-invalid 11, redundant 1
Fitness: max 0.75(2), min 0.5(3), ave 0.6
Test execution time: sum 72 ms, max 55 ms, min 2 ms
----------------------------------------------------------------

2021-05-10 11:54:34 [Time-limited test] [INFO]  KGenProgMain - entered the era of 48th generation.
2021-05-10 11:54:34 [Time-limited test] [INFO]  KGenProgMain - 
----------------------------------------------------------------
Elapsed time: 12 seconds
Variants: generated 20, build-succeeded 3, build-failed 2, syntax-invalid 11, redundant 4
Fitness: max 0.75(2), min 0.5(1), ave 0.667
Test execution time: sum 7 ms, max 3 ms, min 2 ms
----------------------------------------------------------------

2021-05-10 11:54:34 [Time-limited test] [INFO]  KGenProgMain - entered the era of 49th generation.
2021-05-10 11:54:34 [Time-limited test] [INFO]  KGenProgMain - 
----------------------------------------------------------------
Elapsed time: 12 seconds
Variants: generated 20, build-succeeded 5, build-failed 3, syntax-invalid 10, redundant 2
Fitness: max 0.75(4), min 0.5(1), ave 0.7
Test execution time: sum 126 ms, max 62 ms, min 2 ms
----------------------------------------------------------------

2021-05-10 11:54:34 [Time-limited test] [INFO]  KGenProgMain - entered the era of 50th generation.
2021-05-10 11:54:35 [Time-limited test] [INFO]  KGenProgMain - 
----------------------------------------------------------------
Elapsed time: 12 seconds
Variants: generated 20, build-succeeded 3, build-failed 5, syntax-invalid 10, redundant 2
Fitness: max 0.75(2), min 0.5(1), ave 0.667
Test execution time: sum 61 ms, max 57 ms, min 2 ms
----------------------------------------------------------------

2021-05-10 11:54:35 [Time-limited test] [INFO]  KGenProgMain - entered the era of 51st generation.
2021-05-10 11:54:35 [Time-limited test] [INFO]  KGenProgMain - 
----------------------------------------------------------------
Elapsed time: 13 seconds
Variants: generated 20, build-succeeded 6, build-failed 1, syntax-invalid 11, redundant 2
Fitness: max 0.75(5), min 0.5(1), ave 0.708
Test execution time: sum 72 ms, max 60 ms, min 2 ms
----------------------------------------------------------------

2021-05-10 11:54:35 [Time-limited test] [INFO]  KGenProgMain - entered the era of 52nd generation.
2021-05-10 11:54:35 [Time-limited test] [INFO]  KGenProgMain - 
----------------------------------------------------------------
Elapsed time: 13 seconds
Variants: generated 20, build-succeeded 1, build-failed 3, syntax-invalid 10, redundant 6
Fitness: max 0.75(1), min 0.75(1), ave 0.75
Test execution time: sum 58 ms, max 58 ms, min 58 ms
----------------------------------------------------------------

2021-05-10 11:54:35 [Time-limited test] [INFO]  KGenProgMain - entered the era of 53rd generation.
2021-05-10 11:54:36 [Time-limited test] [INFO]  KGenProgMain - 
----------------------------------------------------------------
Elapsed time: 13 seconds
Variants: generated 20, build-succeeded 3, build-failed 3, syntax-invalid 11, redundant 3
Fitness: max 0.75(2), min 0(1), ave 0.5
Test execution time: sum 109 ms, max 55 ms, min 3 ms
----------------------------------------------------------------

2021-05-10 11:54:36 [Time-limited test] [INFO]  KGenProgMain - entered the era of 54th generation.
2021-05-10 11:54:36 [Time-limited test] [INFO]  KGenProgMain - 
----------------------------------------------------------------
Elapsed time: 13 seconds
Variants: generated 20, build-succeeded 4, build-failed 3, syntax-invalid 10, redundant 3
Fitness: max 0.75(4), min 0.75(4), ave 0.75
Test execution time: sum 8 ms, max 2 ms, min 2 ms
----------------------------------------------------------------

2021-05-10 11:54:36 [Time-limited test] [INFO]  KGenProgMain - entered the era of 55th generation.
2021-05-10 11:54:36 [Time-limited test] [INFO]  KGenProgMain - 
----------------------------------------------------------------
Elapsed time: 14 seconds
Variants: generated 20, build-succeeded 1, build-failed 3, syntax-invalid 11, redundant 5
Fitness: max 0(1), min 0(1), ave 0
Test execution time: sum 2 ms, max 2 ms, min 2 ms
----------------------------------------------------------------

2021-05-10 11:54:36 [Time-limited test] [INFO]  KGenProgMain - entered the era of 56th generation.
2021-05-10 11:54:36 [Time-limited test] [INFO]  KGenProgMain - 
----------------------------------------------------------------
Elapsed time: 14 seconds
Variants: generated 20, build-succeeded 4, build-failed 4, syntax-invalid 10, redundant 2
Fitness: max 0.75(3), min 0.5(1), ave 0.688
Test execution time: sum 72 ms, max 66 ms, min 2 ms
----------------------------------------------------------------

2021-05-10 11:54:36 [Time-limited test] [INFO]  KGenProgMain - entered the era of 57th generation.
2021-05-10 11:54:37 [Time-limited test] [INFO]  KGenProgMain - 
----------------------------------------------------------------
Elapsed time: 14 seconds
Variants: generated 20, build-succeeded 3, build-failed 1, syntax-invalid 10, redundant 6
Fitness: max 0.75(3), min 0.75(3), ave 0.75
Test execution time: sum 7 ms, max 3 ms, min 2 ms
----------------------------------------------------------------

2021-05-10 11:54:37 [Time-limited test] [INFO]  KGenProgMain - entered the era of 58th generation.
2021-05-10 11:54:37 [Time-limited test] [INFO]  KGenProgMain - 
----------------------------------------------------------------
Elapsed time: 15 seconds
Variants: generated 20, build-succeeded 5, build-failed 3, syntax-invalid 10, redundant 2
Fitness: max 0.75(4), min 0.5(1), ave 0.7
Test execution time: sum 13 ms, max 3 ms, min 2 ms
----------------------------------------------------------------

2021-05-10 11:54:37 [Time-limited test] [INFO]  KGenProgMain - entered the era of 59th generation.
2021-05-10 11:54:37 [Time-limited test] [INFO]  KGenProgMain - 
----------------------------------------------------------------
Elapsed time: 15 seconds
Variants: generated 20, build-succeeded 3, build-failed 5, syntax-invalid 11, redundant 1
Fitness: max 0.75(2), min 0(1), ave 0.5
Test execution time: sum 8 ms, max 3 ms, min 2 ms
----------------------------------------------------------------

2021-05-10 11:54:37 [Time-limited test] [INFO]  KGenProgMain - entered the era of 60th generation.
2021-05-10 11:54:38 [Time-limited test] [INFO]  KGenProgMain - 
----------------------------------------------------------------
Elapsed time: 15 seconds
Variants: generated 20, build-succeeded 4, build-failed 6, syntax-invalid 10, redundant 0
Fitness: max 0.75(4), min 0.75(4), ave 0.75
Test execution time: sum 8 ms, max 2 ms, min 2 ms
----------------------------------------------------------------

2021-05-10 11:54:38 [Time-limited test] [INFO]  KGenProgMain - entered the era of 61st generation.
2021-05-10 11:54:38 [Time-limited test] [INFO]  KGenProgMain - 
----------------------------------------------------------------
Elapsed time: 15 seconds
Variants: generated 20, build-succeeded 5, build-failed 3, syntax-invalid 10, redundant 2
Fitness: max 0.75(4), min 0.5(1), ave 0.7
Test execution time: sum 13 ms, max 3 ms, min 2 ms
----------------------------------------------------------------

2021-05-10 11:54:38 [Time-limited test] [INFO]  KGenProgMain - entered the era of 62nd generation.
2021-05-10 11:54:38 [Time-limited test] [INFO]  KGenProgMain - 
----------------------------------------------------------------
Elapsed time: 16 seconds
Variants: generated 20, build-succeeded 5, build-failed 2, syntax-invalid 11, redundant 2
Fitness: max 0.75(5), min 0.75(5), ave 0.75
Test execution time: sum 11 ms, max 3 ms, min 2 ms
----------------------------------------------------------------

2021-05-10 11:54:38 [Time-limited test] [INFO]  KGenProgMain - entered the era of 63rd generation.
2021-05-10 11:54:38 [Time-limited test] [INFO]  KGenProgMain - 
----------------------------------------------------------------
Elapsed time: 16 seconds
Variants: generated 20, build-succeeded 4, build-failed 2, syntax-invalid 11, redundant 3
Fitness: max 0.75(4), min 0.75(4), ave 0.75
Test execution time: sum 113 ms, max 54 ms, min 2 ms
----------------------------------------------------------------

2021-05-10 11:54:38 [Time-limited test] [INFO]  KGenProgMain - entered the era of 64th generation.
2021-05-10 11:54:39 [Time-limited test] [INFO]  KGenProgMain - 
----------------------------------------------------------------
Elapsed time: 16 seconds
Variants: generated 20, build-succeeded 5, build-failed 5, syntax-invalid 10, redundant 0
Fitness: max 0.75(4), min 0.5(1), ave 0.7
Test execution time: sum 12 ms, max 3 ms, min 2 ms
----------------------------------------------------------------

2021-05-10 11:54:39 [Time-limited test] [INFO]  KGenProgMain - entered the era of 65th generation.
2021-05-10 11:54:39 [Time-limited test] [INFO]  KGenProgMain - 
----------------------------------------------------------------
Elapsed time: 17 seconds
Variants: generated 20, build-succeeded 3, build-failed 3, syntax-invalid 10, redundant 4
Fitness: max 0.75(3), min 0.75(3), ave 0.75
Test execution time: sum 6 ms, max 2 ms, min 2 ms
----------------------------------------------------------------

2021-05-10 11:54:39 [Time-limited test] [INFO]  KGenProgMain - entered the era of 66th generation.
2021-05-10 11:54:39 [Time-limited test] [INFO]  KGenProgMain - 
----------------------------------------------------------------
Elapsed time: 17 seconds
Variants: generated 20, build-succeeded 1, build-failed 6, syntax-invalid 10, redundant 3
Fitness: max 0.75(1), min 0.75(1), ave 0.75
Test execution time: sum 2 ms, max 2 ms, min 2 ms
----------------------------------------------------------------

2021-05-10 11:54:39 [Time-limited test] [INFO]  KGenProgMain - entered the era of 67th generation.
2021-05-10 11:54:40 [Time-limited test] [INFO]  KGenProgMain - 
----------------------------------------------------------------
Elapsed time: 17 seconds
Variants: generated 20, build-succeeded 3, build-failed 1, syntax-invalid 10, redundant 6
Fitness: max 0.75(2), min 0.5(1), ave 0.667
Test execution time: sum 6 ms, max 2 ms, min 2 ms
----------------------------------------------------------------

2021-05-10 11:54:40 [Time-limited test] [INFO]  KGenProgMain - entered the era of 68th generation.
2021-05-10 11:54:40 [Time-limited test] [INFO]  KGenProgMain - 
----------------------------------------------------------------
Elapsed time: 18 seconds
Variants: generated 20, build-succeeded 5, build-failed 3, syntax-invalid 10, redundant 2
Fitness: max 0.75(4), min 0.5(1), ave 0.7
Test execution time: sum 109 ms, max 53 ms, min 2 ms
----------------------------------------------------------------

2021-05-10 11:54:40 [Time-limited test] [INFO]  KGenProgMain - entered the era of 69th generation.
2021-05-10 11:54:40 [Time-limited test] [INFO]  KGenProgMain - 
----------------------------------------------------------------
Elapsed time: 18 seconds
Variants: generated 20, build-succeeded 4, build-failed 4, syntax-invalid 11, redundant 1
Fitness: max 0.75(3), min 0.5(1), ave 0.688
Test execution time: sum 8 ms, max 2 ms, min 2 ms
----------------------------------------------------------------

2021-05-10 11:54:40 [Time-limited test] [INFO]  KGenProgMain - entered the era of 70th generation.
2021-05-10 11:54:41 [Time-limited test] [INFO]  KGenProgMain - 
----------------------------------------------------------------
Elapsed time: 18 seconds
Variants: generated 20, build-succeeded 5, build-failed 3, syntax-invalid 11, redundant 1
Fitness: max 0.75(3), min 0.5(2), ave 0.65
Test execution time: sum 58 ms, max 50 ms, min 2 ms
----------------------------------------------------------------

2021-05-10 11:54:41 [Time-limited test] [INFO]  KGenProgMain - entered the era of 71st generation.
2021-05-10 11:54:41 [Time-limited test] [INFO]  KGenProgMain - 
----------------------------------------------------------------
Elapsed time: 18 seconds
Variants: generated 20, build-succeeded 4, build-failed 2, syntax-invalid 10, redundant 4
Fitness: max 0.75(4), min 0.75(4), ave 0.75
Test execution time: sum 45 ms, max 39 ms, min 2 ms
----------------------------------------------------------------

2021-05-10 11:54:41 [Time-limited test] [INFO]  KGenProgMain - entered the era of 72nd generation.
2021-05-10 11:54:41 [Time-limited test] [INFO]  KGenProgMain - 
----------------------------------------------------------------
Elapsed time: 19 seconds
Variants: generated 20, build-succeeded 4, build-failed 3, syntax-invalid 10, redundant 3
Fitness: max 0.75(4), min 0.75(4), ave 0.75
Test execution time: sum 39 ms, max 32 ms, min 2 ms
----------------------------------------------------------------

2021-05-10 11:54:41 [Time-limited test] [INFO]  KGenProgMain - entered the era of 73rd generation.
2021-05-10 11:54:41 [Time-limited test] [INFO]  KGenProgMain - 
----------------------------------------------------------------
Elapsed time: 19 seconds
Variants: generated 20, build-succeeded 1, build-failed 3, syntax-invalid 10, redundant 6
Fitness: max 0.75(1), min 0.75(1), ave 0.75
Test execution time: sum 2 ms, max 2 ms, min 2 ms
----------------------------------------------------------------

2021-05-10 11:54:41 [Time-limited test] [INFO]  KGenProgMain - entered the era of 74th generation.
2021-05-10 11:54:42 [Time-limited test] [INFO]  KGenProgMain - 
----------------------------------------------------------------
Elapsed time: 19 seconds
Variants: generated 20, build-succeeded 8, build-failed 1, syntax-invalid 10, redundant 1
Fitness: max 0.75(5), min 0(1), ave 0.594
Test execution time: sum 75 ms, max 58 ms, min 2 ms
----------------------------------------------------------------

2021-05-10 11:54:42 [Time-limited test] [INFO]  KGenProgMain - entered the era of 75th generation.
2021-05-10 11:54:42 [Time-limited test] [INFO]  KGenProgMain - 
----------------------------------------------------------------
Elapsed time: 20 seconds
Variants: generated 20, build-succeeded 6, build-failed 1, syntax-invalid 10, redundant 3
Fitness: max 0.75(6), min 0.75(6), ave 0.75
Test execution time: sum 62 ms, max 52 ms, min 2 ms
----------------------------------------------------------------

2021-05-10 11:54:42 [Time-limited test] [INFO]  KGenProgMain - entered the era of 76th generation.
2021-05-10 11:54:43 [Time-limited test] [INFO]  KGenProgMain - 
----------------------------------------------------------------
Elapsed time: 20 seconds
Variants: generated 20, build-succeeded 4, build-failed 3, syntax-invalid 10, redundant 3
Fitness: max 0.75(4), min 0.75(4), ave 0.75
Test execution time: sum 8 ms, max 2 ms, min 2 ms
----------------------------------------------------------------

2021-05-10 11:54:43 [Time-limited test] [INFO]  KGenProgMain - entered the era of 77th generation.
2021-05-10 11:54:43 [Time-limited test] [INFO]  KGenProgMain - 
----------------------------------------------------------------
Elapsed time: 21 seconds
Variants: generated 20, build-succeeded 3, build-failed 4, syntax-invalid 10, redundant 3
Fitness: max 0.75(3), min 0.75(3), ave 0.75
Test execution time: sum 6 ms, max 2 ms, min 2 ms
----------------------------------------------------------------

2021-05-10 11:54:43 [Time-limited test] [INFO]  KGenProgMain - entered the era of 78th generation.
2021-05-10 11:54:43 [Time-limited test] [INFO]  KGenProgMain - 
----------------------------------------------------------------
Elapsed time: 21 seconds
Variants: generated 20, build-succeeded 2, build-failed 7, syntax-invalid 10, redundant 1
Fitness: max 0.75(2), min 0.75(2), ave 0.75
Test execution time: sum 4 ms, max 2 ms, min 2 ms
----------------------------------------------------------------

2021-05-10 11:54:43 [Time-limited test] [INFO]  KGenProgMain - entered the era of 79th generation.
2021-05-10 11:54:44 [Time-limited test] [INFO]  KGenProgMain - 
----------------------------------------------------------------
Elapsed time: 21 seconds
Variants: generated 20, build-succeeded 6, build-failed 2, syntax-invalid 11, redundant 1
Fitness: max 0.75(6), min 0.75(6), ave 0.75
Test execution time: sum 89 ms, max 41 ms, min 2 ms
----------------------------------------------------------------

2021-05-10 11:54:44 [Time-limited test] [INFO]  KGenProgMain - entered the era of 80th generation.
2021-05-10 11:54:44 [Time-limited test] [INFO]  KGenProgMain - 
----------------------------------------------------------------
Elapsed time: 22 seconds
Variants: generated 20, build-succeeded 9, build-failed 1, syntax-invalid 10, redundant 0
Fitness: max 0.75(8), min 0.5(1), ave 0.722
Test execution time: sum 22 ms, max 5 ms, min 2 ms
----------------------------------------------------------------

2021-05-10 11:54:44 [Time-limited test] [INFO]  KGenProgMain - entered the era of 81st generation.
2021-05-10 11:54:44 [Time-limited test] [INFO]  KGenProgMain - 
----------------------------------------------------------------
Elapsed time: 22 seconds
Variants: generated 20, build-succeeded 2, build-failed 4, syntax-invalid 10, redundant 4
Fitness: max 0.75(1), min 0.5(1), ave 0.625
Test execution time: sum 4 ms, max 2 ms, min 2 ms
----------------------------------------------------------------

2021-05-10 11:54:44 [Time-limited test] [INFO]  KGenProgMain - entered the era of 82nd generation.
2021-05-10 11:54:45 [Time-limited test] [INFO]  KGenProgMain - 
----------------------------------------------------------------
Elapsed time: 22 seconds
Variants: generated 20, build-succeeded 5, build-failed 4, syntax-invalid 11, redundant 0
Fitness: max 0.75(4), min 0.5(1), ave 0.7
Test execution time: sum 59 ms, max 51 ms, min 2 ms
----------------------------------------------------------------

2021-05-10 11:54:45 [Time-limited test] [INFO]  KGenProgMain - entered the era of 83rd generation.
2021-05-10 11:54:45 [Time-limited test] [INFO]  KGenProgMain - 
----------------------------------------------------------------
Elapsed time: 23 seconds
Variants: generated 20, build-succeeded 5, build-failed 1, syntax-invalid 10, redundant 4
Fitness: max 0.75(3), min 0.5(2), ave 0.65
Test execution time: sum 10 ms, max 2 ms, min 2 ms
----------------------------------------------------------------

2021-05-10 11:54:45 [Time-limited test] [INFO]  KGenProgMain - entered the era of 84th generation.
2021-05-10 11:54:45 [Time-limited test] [INFO]  KGenProgMain - 
----------------------------------------------------------------
Elapsed time: 23 seconds
Variants: generated 20, build-succeeded 2, build-failed 4, syntax-invalid 10, redundant 4
Fitness: max 0.75(2), min 0.75(2), ave 0.75
Test execution time: sum 4 ms, max 2 ms, min 2 ms
----------------------------------------------------------------

2021-05-10 11:54:45 [Time-limited test] [INFO]  KGenProgMain - entered the era of 85th generation.
2021-05-10 11:54:46 [Time-limited test] [INFO]  KGenProgMain - 
----------------------------------------------------------------
Elapsed time: 23 seconds
Variants: generated 20, build-succeeded 4, build-failed 3, syntax-invalid 11, redundant 2
Fitness: max 0.75(4), min 0.75(4), ave 0.75
Test execution time: sum 8 ms, max 2 ms, min 2 ms
----------------------------------------------------------------

2021-05-10 11:54:46 [Time-limited test] [INFO]  KGenProgMain - entered the era of 86th generation.
2021-05-10 11:54:46 [Time-limited test] [INFO]  KGenProgMain - 
----------------------------------------------------------------
Elapsed time: 24 seconds
Variants: generated 20, build-succeeded 2, build-failed 5, syntax-invalid 10, redundant 3
Fitness: max 0.5(2), min 0.5(2), ave 0.5
Test execution time: sum 4 ms, max 2 ms, min 2 ms
----------------------------------------------------------------

2021-05-10 11:54:46 [Time-limited test] [INFO]  KGenProgMain - entered the era of 87th generation.
2021-05-10 11:54:46 [Time-limited test] [INFO]  KGenProgMain - 
----------------------------------------------------------------
Elapsed time: 24 seconds
Variants: generated 20, build-succeeded 4, build-failed 3, syntax-invalid 10, redundant 3
Fitness: max 0.75(4), min 0.75(4), ave 0.75
Test execution time: sum 56 ms, max 50 ms, min 2 ms
----------------------------------------------------------------

2021-05-10 11:54:46 [Time-limited test] [INFO]  KGenProgMain - entered the era of 88th generation.
2021-05-10 11:54:47 [Time-limited test] [INFO]  KGenProgMain - 
----------------------------------------------------------------
Elapsed time: 24 seconds
Variants: generated 20, build-succeeded 3, build-failed 5, syntax-invalid 10, redundant 2
Fitness: max 0.75(3), min 0.75(3), ave 0.75
Test execution time: sum 6 ms, max 2 ms, min 2 ms
----------------------------------------------------------------

2021-05-10 11:54:47 [Time-limited test] [INFO]  KGenProgMain - entered the era of 89th generation.
2021-05-10 11:54:47 [Time-limited test] [INFO]  KGenProgMain - 
----------------------------------------------------------------
Elapsed time: 25 seconds
Variants: generated 20, build-succeeded 5, build-failed 2, syntax-invalid 10, redundant 3
Fitness: max 0.75(3), min 0.5(2), ave 0.65
Test execution time: sum 11 ms, max 3 ms, min 2 ms
----------------------------------------------------------------

2021-05-10 11:54:47 [Time-limited test] [INFO]  KGenProgMain - entered the era of 90th generation.
2021-05-10 11:54:47 [Time-limited test] [INFO]  KGenProgMain - 
----------------------------------------------------------------
Elapsed time: 25 seconds
Variants: generated 20, build-succeeded 2, build-failed 6, syntax-invalid 10, redundant 2
Fitness: max 0.75(2), min 0.75(2), ave 0.75
Test execution time: sum 4 ms, max 2 ms, min 2 ms
----------------------------------------------------------------

2021-05-10 11:54:47 [Time-limited test] [INFO]  KGenProgMain - entered the era of 91st generation.
2021-05-10 11:54:47 [Time-limited test] [INFO]  KGenProgMain - 
----------------------------------------------------------------
Elapsed time: 25 seconds
Variants: generated 20, build-succeeded 6, build-failed 0, syntax-invalid 10, redundant 4
Fitness: max 0.75(5), min 0(1), ave 0.625
Test execution time: sum 13 ms, max 3 ms, min 2 ms
----------------------------------------------------------------

2021-05-10 11:54:47 [Time-limited test] [INFO]  KGenProgMain - entered the era of 92nd generation.
2021-05-10 11:54:48 [Time-limited test] [INFO]  KGenProgMain - 
----------------------------------------------------------------
Elapsed time: 25 seconds
Variants: generated 20, build-succeeded 4, build-failed 1, syntax-invalid 10, redundant 5
Fitness: max 0.75(2), min 0.25(1), ave 0.562
Test execution time: sum 8 ms, max 2 ms, min 2 ms
----------------------------------------------------------------

2021-05-10 11:54:48 [Time-limited test] [INFO]  KGenProgMain - entered the era of 93rd generation.
2021-05-10 11:54:48 [Time-limited test] [INFO]  KGenProgMain - 
----------------------------------------------------------------
Elapsed time: 26 seconds
Variants: generated 20, build-succeeded 6, build-failed 1, syntax-invalid 10, redundant 3
Fitness: max 0.75(5), min 0.5(1), ave 0.708
Test execution time: sum 36 ms, max 26 ms, min 2 ms
----------------------------------------------------------------

2021-05-10 11:54:48 [Time-limited test] [INFO]  KGenProgMain - entered the era of 94th generation.
2021-05-10 11:54:48 [Time-limited test] [INFO]  KGenProgMain - 
----------------------------------------------------------------
Elapsed time: 26 seconds
Variants: generated 20, build-succeeded 3, build-failed 2, syntax-invalid 11, redundant 4
Fitness: max 0.75(3), min 0.75(3), ave 0.75
Test execution time: sum 6 ms, max 2 ms, min 2 ms
----------------------------------------------------------------

2021-05-10 11:54:48 [Time-limited test] [INFO]  KGenProgMain - entered the era of 95th generation.
2021-05-10 11:54:49 [Time-limited test] [INFO]  KGenProgMain - 
----------------------------------------------------------------
Elapsed time: 26 seconds
Variants: generated 20, build-succeeded 5, build-failed 3, syntax-invalid 10, redundant 2
Fitness: max 0.75(3), min 0.5(2), ave 0.65
Test execution time: sum 11 ms, max 3 ms, min 2 ms
----------------------------------------------------------------

2021-05-10 11:54:49 [Time-limited test] [INFO]  KGenProgMain - entered the era of 96th generation.
2021-05-10 11:54:49 [Time-limited test] [INFO]  KGenProgMain - 
----------------------------------------------------------------
Elapsed time: 27 seconds
Variants: generated 20, build-succeeded 8, build-failed 2, syntax-invalid 10, redundant 0
Fitness: max 0.75(5), min 0.25(1), ave 0.625
Test execution time: sum 70 ms, max 42 ms, min 2 ms
----------------------------------------------------------------

2021-05-10 11:54:49 [Time-limited test] [INFO]  KGenProgMain - entered the era of 97th generation.
2021-05-10 11:54:49 [Time-limited test] [INFO]  KGenProgMain - 
----------------------------------------------------------------
Elapsed time: 27 seconds
Variants: generated 20, build-succeeded 6, build-failed 4, syntax-invalid 10, redundant 0
Fitness: max 0.75(6), min 0.75(6), ave 0.75
Test execution time: sum 49 ms, max 39 ms, min 2 ms
----------------------------------------------------------------

2021-05-10 11:54:49 [Time-limited test] [INFO]  KGenProgMain - entered the era of 98th generation.
2021-05-10 11:54:50 [Time-limited test] [INFO]  KGenProgMain - 
----------------------------------------------------------------
Elapsed time: 27 seconds
Variants: generated 20, build-succeeded 5, build-failed 1, syntax-invalid 10, redundant 4
Fitness: max 0.75(4), min 0.5(1), ave 0.7
Test execution time: sum 10 ms, max 2 ms, min 2 ms
----------------------------------------------------------------

2021-05-10 11:54:50 [Time-limited test] [INFO]  KGenProgMain - entered the era of 99th generation.
2021-05-10 11:54:50 [Time-limited test] [INFO]  KGenProgMain - 
----------------------------------------------------------------
Elapsed time: 28 seconds
Variants: generated 20, build-succeeded 5, build-failed 4, syntax-invalid 10, redundant 1
Fitness: max 0.75(4), min 0.5(1), ave 0.7
Test execution time: sum 47 ms, max 39 ms, min 2 ms
----------------------------------------------------------------

2021-05-10 11:54:50 [Time-limited test] [INFO]  KGenProgMain - entered the era of 100th generation.
2021-05-10 11:54:50 [Time-limited test] [INFO]  KGenProgMain - 
----------------------------------------------------------------
Elapsed time: 28 seconds
Variants: generated 20, build-succeeded 3, build-failed 7, syntax-invalid 10, redundant 0
Fitness: max 0.5(3), min 0.5(3), ave 0.5
Test execution time: sum 63 ms, max 59 ms, min 2 ms
----------------------------------------------------------------

2021-05-10 11:54:50 [Time-limited test] [INFO]  KGenProgMain - GA stopped
2021-05-10 11:54:50 [Time-limited test] [INFO]  KGenProgMain - Summary
Reached generation = 100
Generated variants = 1970
Syntax valid variants = 1043
Build succeeded variants = 346
Time elapsed = 28 seconds
Exit status = FAILURE (maximum generation)
]]></system-out>
  <system-err><![CDATA[]]></system-err>
</testsuite>
